<?xml version="1.0" encoding="UTF-8"?>
<!-- - Copyright 1999-2011 Alibaba Group. - - Licensed under the Apache License, 
	Version 2.0 (the "License"); - you may not use this file except in compliance 
	with the License. - You may obtain a copy of the License at - - http://www.apache.org/licenses/LICENSE-2.0 
	- - Unless required by applicable law or agreed to in writing, software - 
	distributed under the License is distributed on an "AS IS" BASIS, - WITHOUT 
	WARRANTIES OR CONDITIONS OF ANY KIND, either express or implied. - See the 
	License for the specific language governing permissions and - limitations 
	under the License. -->
<beans xmlns="http://www.springframework.org/schema/beans"
	xmlns:xsi="http://www.w3.org/2001/XMLSchema-instance" xmlns:dubbo="http://code.alibabatech.com/schema/dubbo"
	xsi:schemaLocation="http://www.springframework.org/schema/beans http://www.springframework.org/schema/beans/spring-beans-4.2.xsd
	http://code.alibabatech.com/schema/dubbo http://code.alibabatech.com/schema/dubbo/dubbo.xsd">


	 <dubbo:reference interface="com.zx.modules.promotion.service.TradeService"
		check="false" id="tradeService"
		url="dubbo://localhost:30111/com.zx.modules.promotion.service.TradeService"
		timeout="30000" />    <!-- 对应promotion-service-api，用于fronted去调用service中的方法 -->


        <!-- <dubbo:reference interface="com.zx.modules.store.service.MerchantService"
        check="false" id="merchantService"
        url="dubbo://121.40.146.52:20889/com.zx.modules.store.service.MerchantService"
        timeout="30000" />  
        
        <dubbo:reference interface="com.zx.modules.store.service.ProductService"
        check="false" id="productService"
        url="dubbo://121.40.146.52:20889/com.zx.modules.store.service.ProductService"
        timeout="30000" />
        
        <dubbo:reference
        interface="com.zx.modules.store.service.ProductAvailabilityService"
        check="false" id="productAvailabilityService"
        url="dubbo://121.40.146.52:20889/com.zx.modules.store.service.ProductAvailabilityService"
        timeout="30000" /> -->
        
        
      <!--   <dubbo:reference
        interface="com.zx.modules.user.service.AccountService"
        check="false" id="accountService"
        url="dubbo://121.40.146.52:20883/com.zx.modules.user.service.AccountService"
        timeout="30000" /> -->
        

</beans>
