<?xml version="1.0" encoding="UTF-8"?>
<!-- - Copyright 1999-2011 Alibaba Group. - - Licensed under the Apache License, 
	Version 2.0 (the "License"); - you may not use this file except in compliance 
	with the License. - You may obtain a copy of the License at - - http://www.apache.org/licenses/LICENSE-2.0 
	- - Unless required by applicable law or agreed to in writing, software - 
	distributed under the License is distributed on an "AS IS" BASIS, - WITHOUT 
	WARRANTIES OR CONDITIONS OF ANY KIND, either express or implied. - See the 
	License for the specific language governing permissions and - limitations 
	under the License. -->
<beans xmlns="http://www.springframework.org/schema/beans"
	xmlns:xsi="http://www.w3.org/2001/XMLSchema-instance" xmlns:dubbo="http://code.alibabatech.com/schema/dubbo"
	xsi:schemaLocation="http://www.springframework.org/schema/beans http://www.springframework.org/schema/beans/spring-beans-4.2.xsd
	http://code.alibabatech.com/schema/dubbo http://code.alibabatech.com/schema/dubbo/dubbo.xsd">


	<dubbo:reference interface="com.zx.modules.stock.service.StockService"
		check="false" id="stockService"
		url="dubbo://localhost:30333/com.zx.modules.stock.service.StockService"
		timeout="30000" />   
		
		<dubbo:reference interface="com.zx.modules.trade.service.TradeService"
        check="false" id="tradeService"
        url="dubbo://localhost:30333/com.zx.modules.trade.service.TradeService"
        timeout="30000" />    
        
        <dubbo:reference interface="com.zx.modules.trade.service.UserUrlService"
        check="false" id="userUrl"
        url="dubbo://localhost:30333/com.zx.modules.trade.service.UserUrlService"
        timeout="50000" />    
        
        <dubbo:reference interface="com.zx.modules.trade.service.AbnormalUrlService"
        check="false" id="abnormalUrl"
        url="dubbo://localhost:30333/com.zx.modules.trade.service.AbnormalUrlService"
        timeout="30000" />   

        <dubbo:reference interface="com.zx.modules.user.massage.service.CardNoInfoService"
        check="false" id="cardNoInfo"
        url="dubbo://localhost:30333/com.zx.modules.user.massage.service.CardNoInfoService"
        timeout="30000" />
        
        <dubbo:reference interface="com.zx.modules.user.massage.service.UserMassageService"
        check="false" id="userMassage"
        url="dubbo://localhost:30333/com.zx.modules.user.massage.service.UserMassageService"
        timeout="30000" />
        
        <dubbo:reference interface="com.zx.modules.url.service.UrlService"
        check="false" id="userUrlInfo"
        url="dubbo://localhost:30333/com.zx.modules.url.service.UrlService"
        timeout="30000" />

</beans>
